<?xml version="1.0" encoding="UTF-8"?>
<!-- Generated by org.testng.reporters.JUnitXMLReporter -->
<testsuite ignored="0" hostname="DESKTOP-MBPK2VF" failures="0" tests="2" name="Test-Runner-2" time="37.759" errors="0" timestamp="2023-07-26T20:34:07 IST">
  <testcase classname="vtiger.OrganizationTest.CreateOrgWithIndustryTest" name="createOrgWithOrgIndustry" time="12.501"/>
  <testcase classname="vtiger.OrganizationTest.CreateOrgWithIndustryTest" name="sampleTest" time="0.001"/>
</testsuite> <!-- Test-Runner-2 -->
