<?xml version="1.0" encoding="UTF-8"?>
<!-- Generated by org.testng.reporters.JUnitXMLReporter -->
<testsuite ignored="0" hostname="DESKTOP-MBPK2VF" failures="0" tests="2" name="Test-Runner-Firefox" time="21.559" errors="0" timestamp="2023-07-26T20:41:06 IST">
  <testcase classname="vtiger.OrganizationTest.CreateOrgWithIndustryTest" name="createOrgWithOrgIndustry" time="0.0">
    <skipped/>
  </testcase> <!-- createOrgWithOrgIndustry -->
  <testcase classname="vtiger.OrganizationTest.CreateOrgWithIndustryTest" name="sampleTest" time="0.0">
    <skipped/>
  </testcase> <!-- sampleTest -->
</testsuite> <!-- Test-Runner-Firefox -->
