<?xml version="1.0" encoding="UTF-8"?>
<!-- Generated by org.testng.reporters.JUnitReportReporter -->
<testsuite hostname="DESKTOP-MBPK2VF" failures="0" tests="4" name="vtiger.Practice.TestNGPractice3" time="0.019" errors="0" timestamp="2023-07-21T16:38:26 IST" skipped="0">
  <testcase classname="vtiger.Practice.TestNGPractice3" name="modifyCustomer" time="0.002"/>
  <system-out/>
  <testcase classname="vtiger.Practice.TestNGPractice3" name="createCustomer" time="0.008"/>
  <system-out/>
  <testcase classname="vtiger.Practice.TestNGPractice3" name="deleteCustomer" time="0.004"/>
  <system-out/>
  <testcase classname="vtiger.Practice.TestNGPractice3" name="createCustomer" time="0.005"/>
  <system-out/>
</testsuite> <!-- vtiger.Practice.TestNGPractice3 -->
