<?xml version="1.0" encoding="UTF-8"?>
<!-- Generated by org.testng.reporters.JUnitReportReporter -->
<testsuite hostname="DESKTOP-MBPK2VF" failures="0" tests="3" name="vtiger.Practice.DataProviderPractice" time="0.007" errors="0" timestamp="2023-07-21T20:12:03 IST" skipped="0">
  <testcase classname="vtiger.Practice.DataProviderPractice" name="addToCartTest" time="0.001"/>
  <system-out/>
  <testcase classname="vtiger.Practice.DataProviderPractice" name="addToCartTest" time="0.004"/>
  <system-out/>
  <testcase classname="vtiger.Practice.DataProviderPractice" name="addToCartTest" time="0.002"/>
  <system-out/>
</testsuite> <!-- vtiger.Practice.DataProviderPractice -->
