<?xml version="1.0" encoding="UTF-8"?>
<!-- Generated by org.testng.reporters.JUnitReportReporter -->
<testsuite hostname="DESKTOP-MBPK2VF" failures="0" tests="5" name="vtiger.OrganizationTest.CreateMultipleOrgWithIndustryTest" time="87.719" errors="0" timestamp="2023-07-25T20:16:59 IST" skipped="0">
  <testcase classname="vtiger.OrganizationTest.CreateMultipleOrgWithIndustryTest" name="createMultipleOrgWithIndustryTest" time="15.064"/>
  <testcase classname="vtiger.OrganizationTest.CreateMultipleOrgWithIndustryTest" name="createMultipleOrgWithIndustryTest" time="16.262"/>
  <testcase classname="vtiger.OrganizationTest.CreateMultipleOrgWithIndustryTest" name="createMultipleOrgWithIndustryTest" time="15.927"/>
  <testcase classname="vtiger.OrganizationTest.CreateMultipleOrgWithIndustryTest" name="createMultipleOrgWithIndustryTest" time="19.363"/>
  <testcase classname="vtiger.OrganizationTest.CreateMultipleOrgWithIndustryTest" name="createMultipleOrgWithIndustryTest" time="21.103"/>
</testsuite> <!-- vtiger.OrganizationTest.CreateMultipleOrgWithIndustryTest -->
