<?xml version="1.0" encoding="UTF-8"?>
<!-- Generated by org.testng.reporters.JUnitReportReporter -->
<testsuite hostname="DESKTOP-MBPK2VF" failures="0" tests="5" name="vtiger.OrganizationTest.CreateMultipleOrgWithIndustry" time="83.063" errors="0" timestamp="2023-07-19T12:29:28 IST" skipped="0">
  <testcase classname="vtiger.OrganizationTest.CreateMultipleOrgWithIndustry" name="createMultipleOrg" time="17.051"/>
  <system-out/>
  <testcase classname="vtiger.OrganizationTest.CreateMultipleOrgWithIndustry" name="createMultipleOrg" time="17.015"/>
  <system-out/>
  <testcase classname="vtiger.OrganizationTest.CreateMultipleOrgWithIndustry" name="createMultipleOrg" time="15.922"/>
  <system-out/>
  <testcase classname="vtiger.OrganizationTest.CreateMultipleOrgWithIndustry" name="createMultipleOrg" time="16.515"/>
  <system-out/>
  <testcase classname="vtiger.OrganizationTest.CreateMultipleOrgWithIndustry" name="createMultipleOrg" time="16.560"/>
  <system-out/>
</testsuite> <!-- vtiger.OrganizationTest.CreateMultipleOrgWithIndustry -->
