<?xml version="1.0" encoding="UTF-8"?>
<!-- Generated by org.testng.reporters.JUnitReportReporter -->
<testsuite hostname="DESKTOP-MBPK2VF" failures="0" tests="3" name="vtiger.Practice.TestNGPractice2" time="0.012" errors="0" timestamp="2023-07-21T16:36:54 IST" skipped="0">
  <testcase classname="vtiger.Practice.TestNGPractice2" name="modifyCustomer" time="0.010"/>
  <system-out/>
  <testcase classname="vtiger.Practice.TestNGPractice2" name="deleteCustomer" time="0.001"/>
  <system-out/>
  <testcase classname="vtiger.Practice.TestNGPractice2" name="createCustomer" time="0.001"/>
  <system-out/>
</testsuite> <!-- vtiger.Practice.TestNGPractice2 -->
